#
# There is insufficient memory for the Java Runtime Environment to continue.
# Native memory allocation (malloc) failed to allocate 65552 bytes for Chunk::new
# Possible reasons:
#   The system is out of physical RAM or swap space
#   The process is running with CompressedOops enabled, and the Java Heap may be blocking the growth of the native heap
# Possible solutions:
#   Reduce memory load on the system
#   Increase physical memory or swap space
#   Check if swap backing store is full
#   Decrease Java heap size (-Xmx/-Xms)
#   Decrease number of Java threads
#   Decrease Java thread stack sizes (-Xss)
#   Set larger code cache with -XX:ReservedCodeCacheSize=
#   JVM is running with Zero Based Compressed Oops mode in which the Java heap is
#     placed in the first 32GB address space. The Java Heap base address is the
#     maximum limit for the native heap growth. Please use -XX:HeapBaseMinAddress
#     to set the Java Heap base and to place the Java Heap above 32GB virtual address.
# This output file may be truncated or incomplete.
#
#  Out of Memory Error (arena.cpp:184), pid=8400, tid=10952
#
# JRE version: Java(TM) SE Runtime Environment (19.0.2+7) (build 19.0.2+7-44)
# Java VM: Java HotSpot(TM) 64-Bit Server VM (19.0.2+7-44, mixed mode, sharing, tiered, compressed oops, compressed class ptrs, g1 gc, windows-amd64)
# No core dump will be written. Minidumps are not enabled by default on client versions of Windows
#

---------------  S U M M A R Y ------------

Command Line: -Dfile.encoding=UTF-8 TelaAtendenteNova

Host: AMD Ryzen 3 2200G with Radeon Vega Graphics    , 4 cores, 15G,  Windows 10 , 64 bit Build 19041 (10.0.19041.3636)
Time: Sun Apr  7 19:56:48 2024 Hora oficial do Brasil elapsed time: 1.569997 seconds (0d 0h 0m 1s)

---------------  T H R E A D  ---------------

Current thread (0x000001ed4cdcb880):  JavaThread "C2 CompilerThread0" daemon [_thread_in_native, id=10952, stack(0x0000008c74e00000,0x0000008c74f00000)]


Current CompileTask:
C2:   1570 1128 % !   4       sun.awt.image.PNGImageDecoder::produceImage @ 960 (1917 bytes)

Stack: [0x0000008c74e00000,0x0000008c74f00000]
Native frames: (J=compiled Java code, j=interpreted, Vv=VM code, C=native code)
V  [jvm.dll+0x6ee21a]
V  [jvm.dll+0x85765e]
V  [jvm.dll+0x85904e]
V  [jvm.dll+0x859703]
V  [jvm.dll+0x28298f]
V  [jvm.dll+0xc9adf]
V  [jvm.dll+0xc9e65]
V  [jvm.dll+0xc9c04]
V  [jvm.dll+0x6cd84a]
V  [jvm.dll+0x6810ba]
V  [jvm.dll+0x67f064]
V  [jvm.dll+0x24c25e]
V  [jvm.dll+0x24b781]
V  [jvm.dll+0x1d6ce1]
V  [jvm.dll+0x25b25a]
V  [jvm.dll+0x2596e8]
V  [jvm.dll+0x807588]
V  [jvm.dll+0x80125a]
V  [jvm.dll+0x6ecf0b]
C  [ucrtbase.dll+0x21bb2]
C  [KERNEL32.DLL+0x17344]
C  [ntdll.dll+0x526b1]


---------------  P R O C E S S  ---------------

Threads class SMR info:
_java_thread_list=0x000001ed518c74a0, length=19, elements={
0x000001ed4cdb3300, 0x000001ed4cdb5140, 0x000001ed4cdb9760, 0x000001ed4cdbc0a0,
0x000001ed4cdbd310, 0x000001ed4cdbe6c0, 0x000001ed4cdcb880, 0x000001ed4cdd13b0,
0x000001ed4cdd2d30, 0x000001ed510e0cd0, 0x000001ed510e97e0, 0x000001ed512fb260,
0x000001ed512fb7a0, 0x000001ed512e5050, 0x000001ed5133a550, 0x000001ed2a1de2d0,
0x000001ed518e92b0, 0x000001ed609377e0, 0x000001ed60d1e890
}

Java Threads: ( => current thread )
  0x000001ed4cdb3300 JavaThread "Reference Handler" daemon [_thread_blocked, id=2640, stack(0x0000008c74800000,0x0000008c74900000)]
  0x000001ed4cdb5140 JavaThread "Finalizer" daemon [_thread_blocked, id=2236, stack(0x0000008c74900000,0x0000008c74a00000)]
  0x000001ed4cdb9760 JavaThread "Signal Dispatcher" daemon [_thread_blocked, id=1532, stack(0x0000008c74a00000,0x0000008c74b00000)]
  0x000001ed4cdbc0a0 JavaThread "Attach Listener" daemon [_thread_blocked, id=4804, stack(0x0000008c74b00000,0x0000008c74c00000)]
  0x000001ed4cdbd310 JavaThread "Service Thread" daemon [_thread_blocked, id=4556, stack(0x0000008c74c00000,0x0000008c74d00000)]
  0x000001ed4cdbe6c0 JavaThread "Monitor Deflation Thread" daemon [_thread_blocked, id=11492, stack(0x0000008c74d00000,0x0000008c74e00000)]
=>0x000001ed4cdcb880 JavaThread "C2 CompilerThread0" daemon [_thread_in_native, id=10952, stack(0x0000008c74e00000,0x0000008c74f00000)]
  0x000001ed4cdd13b0 JavaThread "C1 CompilerThread0" daemon [_thread_blocked, id=4868, stack(0x0000008c74f00000,0x0000008c75000000)]
  0x000001ed4cdd2d30 JavaThread "Sweeper thread" daemon [_thread_blocked, id=10396, stack(0x0000008c75000000,0x0000008c75100000)]
  0x000001ed510e0cd0 JavaThread "Notification Thread" daemon [_thread_blocked, id=11140, stack(0x0000008c75100000,0x0000008c75200000)]
  0x000001ed510e97e0 JavaThread "Common-Cleaner" daemon [_thread_blocked, id=10220, stack(0x0000008c75300000,0x0000008c75400000)]
  0x000001ed512fb260 JavaThread "Java2D Disposer" daemon [_thread_blocked, id=12256, stack(0x0000008c75400000,0x0000008c75500000)]
  0x000001ed512fb7a0 JavaThread "AWT-Shutdown" [_thread_blocked, id=1728, stack(0x0000008c75500000,0x0000008c75600000)]
  0x000001ed512e5050 JavaThread "AWT-Windows" daemon [_thread_in_native, id=3200, stack(0x0000008c75600000,0x0000008c75700000)]
  0x000001ed5133a550 JavaThread "AWT-EventQueue-0" [_thread_in_vm, id=12040, stack(0x0000008c75700000,0x0000008c75800000)]
  0x000001ed2a1de2d0 JavaThread "DestroyJavaVM" [_thread_blocked, id=10888, stack(0x0000008c74100000,0x0000008c74200000)]
  0x000001ed518e92b0 JavaThread "Image Fetcher 0" daemon [_thread_blocked, id=5544, stack(0x0000008c75800000,0x0000008c75900000)]
  0x000001ed609377e0 JavaThread "C2 CompilerThread1" daemon [_thread_blocked, id=11972, stack(0x0000008c75900000,0x0000008c75a00000)]
  0x000001ed60d1e890 JavaThread "TimerQueue" daemon [_thread_blocked, id=5768, stack(0x0000008c75d00000,0x0000008c75e00000)]

Other Threads:
  0x000001ed4cd98ad0 VMThread "VM Thread" [stack: 0x0000008c74700000,0x0000008c74800000] [id=11716]
  0x000001ed4cd894e0 WatcherThread "VM Periodic Task Thread" [stack: 0x0000008c75200000,0x0000008c75300000] [id=8404]
  0x000001ed2a24fe90 WorkerThread "GC Thread#0" [stack: 0x0000008c74200000,0x0000008c74300000] [id=1568]
  0x000001ed51e3d980 WorkerThread "GC Thread#1" [stack: 0x0000008c75a00000,0x0000008c75b00000] [id=2832]
  0x000001ed51e3dc50 WorkerThread "GC Thread#2" [stack: 0x0000008c75b00000,0x0000008c75c00000] [id=11136]
  0x000001ed51e3df20 WorkerThread "GC Thread#3" [stack: 0x0000008c75c00000,0x0000008c75d00000] [id=11568]
  0x000001ed2a260de0 ConcurrentGCThread "G1 Main Marker" [stack: 0x0000008c74300000,0x0000008c74400000] [id=3636]
  0x000001ed2a261ec0 WorkerThread "G1 Conc#0" [stack: 0x0000008c74400000,0x0000008c74500000] [id=8116]
  0x000001ed4cc564e0 ConcurrentGCThread "G1 Refine#0" [stack: 0x0000008c74500000,0x0000008c74600000] [id=5916]
  0x000001ed2a2ae2b0 ConcurrentGCThread "G1 Service" [stack: 0x0000008c74600000,0x0000008c74700000] [id=10688]

Threads with active compile tasks:
C2 CompilerThread0     1593 1128 % !   4       sun.awt.image.PNGImageDecoder::produceImage @ 960 (1917 bytes)

VM state: not at safepoint (normal execution)

VM Mutex/Monitor currently owned by a thread: None

Heap address: 0x0000000700c00000, size: 4084 MB, Compressed Oops mode: Zero based, Oop shift amount: 3

CDS archive(s) mapped at: [0x0000000800000000-0x0000000800c40000-0x0000000800c40000), size 12845056, SharedBaseAddress: 0x0000000800000000, ArchiveRelocationMode: 0.
Compressed class space mapped at: 0x0000000801000000-0x0000000841000000, reserved size: 1073741824
Narrow klass base: 0x0000000800000000, Narrow klass shift: 0, Narrow klass range: 0x100000000

GC Precious Log:
 CardTable entry size: 512
 Card Set container configuration: InlinePtr #cards 4 size 8 Array Of Cards #cards 16 size 48 Howl #buckets 8 coarsen threshold 3686 Howl Bitmap #cards 512 size 80 coarsen threshold 460 Card regions per heap region 1 cards per card region 4096
 CPUs: 4 total, 4 available
 Memory: 16332M
 Large Page Support: Disabled
 NUMA Support: Disabled
 Compressed Oops: Enabled (Zero based)
 Heap Region Size: 2M
 Heap Min Capacity: 8M
 Heap Initial Capacity: 256M
 Heap Max Capacity: 4084M
 Pre-touch: Disabled
 Parallel Workers: 4
 Concurrent Workers: 1
 Concurrent Refinement Workers: 4
 Periodic GC: Disabled

Heap:
 garbage-first heap   total 262144K, used 16572K [0x0000000700c00000, 0x0000000800000000)
  region size 2048K, 4 young (8192K), 1 survivors (2048K)
 Metaspace       used 9673K, committed 9920K, reserved 1114112K
  class space    used 1124K, committed 1216K, reserved 1048576K

Heap Regions: E=young(eden), S=young(survivor), O=old, HS=humongous(starts), HC=humongous(continues), CS=collection set, F=free, OA=open archive, CA=closed archive, TAMS=top-at-mark-start (previous, next)
|   0|0x0000000700c00000, 0x0000000700e00000, 0x0000000700e00000|100%|HS|  |TAMS 0x0000000700c00000, 0x0000000700c00000| Complete 
|   1|0x0000000700e00000, 0x0000000701000000, 0x0000000701000000|100%|HC|  |TAMS 0x0000000700e00000, 0x0000000700e00000| Complete 
|   2|0x0000000701000000, 0x0000000701200000, 0x0000000701200000|100%| O|  |TAMS 0x0000000701000000, 0x0000000701000000| Untracked 
|   3|0x0000000701200000, 0x000000070122f200, 0x0000000701400000|  9%| O|  |TAMS 0x0000000701200000, 0x0000000701200000| Untracked 
|   4|0x0000000701400000, 0x0000000701600000, 0x0000000701600000|100%|HS|  |TAMS 0x0000000701400000, 0x0000000701400000| Complete 
|   5|0x0000000701600000, 0x0000000701800000, 0x0000000701800000|100%|HC|  |TAMS 0x0000000701600000, 0x0000000701600000| Complete 
|   6|0x0000000701800000, 0x0000000701800000, 0x0000000701a00000|  0%| F|  |TAMS 0x0000000701800000, 0x0000000701800000| Untracked 
|   7|0x0000000701a00000, 0x0000000701a00000, 0x0000000701c00000|  0%| F|  |TAMS 0x0000000701a00000, 0x0000000701a00000| Untracked 
|   8|0x0000000701c00000, 0x0000000701c00000, 0x0000000701e00000|  0%| F|  |TAMS 0x0000000701c00000, 0x0000000701c00000| Untracked 
|   9|0x0000000701e00000, 0x0000000701e00000, 0x0000000702000000|  0%| F|  |TAMS 0x0000000701e00000, 0x0000000701e00000| Untracked 
|  10|0x0000000702000000, 0x0000000702000000, 0x0000000702200000|  0%| F|  |TAMS 0x0000000702000000, 0x0000000702000000| Untracked 
|  11|0x0000000702200000, 0x0000000702200000, 0x0000000702400000|  0%| F|  |TAMS 0x0000000702200000, 0x0000000702200000| Untracked 
|  12|0x0000000702400000, 0x0000000702400000, 0x0000000702600000|  0%| F|  |TAMS 0x0000000702400000, 0x0000000702400000| Untracked 
|  13|0x0000000702600000, 0x0000000702600000, 0x0000000702800000|  0%| F|  |TAMS 0x0000000702600000, 0x0000000702600000| Untracked 
|  14|0x0000000702800000, 0x0000000702800000, 0x0000000702a00000|  0%| F|  |TAMS 0x0000000702800000, 0x0000000702800000| Untracked 
|  15|0x0000000702a00000, 0x0000000702a00000, 0x0000000702c00000|  0%| F|  |TAMS 0x0000000702a00000, 0x0000000702a00000| Untracked 
|  16|0x0000000702c00000, 0x0000000702c00000, 0x0000000702e00000|  0%| F|  |TAMS 0x0000000702c00000, 0x0000000702c00000| Untracked 
|  17|0x0000000702e00000, 0x0000000702e00000, 0x0000000703000000|  0%| F|  |TAMS 0x0000000702e00000, 0x0000000702e00000| Untracked 
|  18|0x0000000703000000, 0x0000000703000000, 0x0000000703200000|  0%| F|  |TAMS 0x0000000703000000, 0x0000000703000000| Untracked 
|  19|0x0000000703200000, 0x0000000703200000, 0x0000000703400000|  0%| F|  |TAMS 0x0000000703200000, 0x0000000703200000| Untracked 
|  20|0x0000000703400000, 0x0000000703400000, 0x0000000703600000|  0%| F|  |TAMS 0x0000000703400000, 0x0000000703400000| Untracked 
|  21|0x0000000703600000, 0x0000000703600000, 0x0000000703800000|  0%| F|  |TAMS 0x0000000703600000, 0x0000000703600000| Untracked 
|  22|0x0000000703800000, 0x0000000703800000, 0x0000000703a00000|  0%| F|  |TAMS 0x0000000703800000, 0x0000000703800000| Untracked 
|  23|0x0000000703a00000, 0x0000000703a00000, 0x0000000703c00000|  0%| F|  |TAMS 0x0000000703a00000, 0x0000000703a00000| Untracked 
|  24|0x0000000703c00000, 0x0000000703c00000, 0x0000000703e00000|  0%| F|  |TAMS 0x0000000703c00000, 0x0000000703c00000| Untracked 
|  25|0x0000000703e00000, 0x0000000703e00000, 0x0000000704000000|  0%| F|  |TAMS 0x0000000703e00000, 0x0000000703e00000| Untracked 
|  26|0x0000000704000000, 0x0000000704000000, 0x0000000704200000|  0%| F|  |TAMS 0x0000000704000000, 0x0000000704000000| Untracked 
|  27|0x0000000704200000, 0x0000000704200000, 0x0000000704400000|  0%| F|  |TAMS 0x0000000704200000, 0x0000000704200000| Untracked 
|  28|0x0000000704400000, 0x0000000704400000, 0x0000000704600000|  0%| F|  |TAMS 0x0000000704400000, 0x0000000704400000| Untracked 
|  29|0x0000000704600000, 0x0000000704600000, 0x0000000704800000|  0%| F|  |TAMS 0x0000000704600000, 0x0000000704600000| Untracked 
|  30|0x0000000704800000, 0x0000000704800000, 0x0000000704a00000|  0%| F|  |TAMS 0x0000000704800000, 0x0000000704800000| Untracked 
|  31|0x0000000704a00000, 0x0000000704a00000, 0x0000000704c00000|  0%| F|  |TAMS 0x0000000704a00000, 0x0000000704a00000| Untracked 
|  32|0x0000000704c00000, 0x0000000704c00000, 0x0000000704e00000|  0%| F|  |TAMS 0x0000000704c00000, 0x0000000704c00000| Untracked 
|  33|0x0000000704e00000, 0x0000000704e00000, 0x0000000705000000|  0%| F|  |TAMS 0x0000000704e00000, 0x0000000704e00000| Untracked 
|  34|0x0000000705000000, 0x0000000705000000, 0x0000000705200000|  0%| F|  |TAMS 0x0000000705000000, 0x0000000705000000| Untracked 
|  35|0x0000000705200000, 0x0000000705200000, 0x0000000705400000|  0%| F|  |TAMS 0x0000000705200000, 0x0000000705200000| Untracked 
|  36|0x0000000705400000, 0x0000000705400000, 0x0000000705600000|  0%| F|  |TAMS 0x0000000705400000, 0x0000000705400000| Untracked 
|  37|0x0000000705600000, 0x0000000705600000, 0x0000000705800000|  0%| F|  |TAMS 0x0000000705600000, 0x0000000705600000| Untracked 
|  38|0x0000000705800000, 0x0000000705800000, 0x0000000705a00000|  0%| F|  |TAMS 0x0000000705800000, 0x0000000705800000| Untracked 
|  39|0x0000000705a00000, 0x0000000705a00000, 0x0000000705c00000|  0%| F|  |TAMS 0x0000000705a00000, 0x0000000705a00000| Untracked 
|  40|0x0000000705c00000, 0x0000000705c00000, 0x0000000705e00000|  0%| F|  |TAMS 0x0000000705c00000, 0x0000000705c00000| Untracked 
|  41|0x0000000705e00000, 0x0000000705e00000, 0x0000000706000000|  0%| F|  |TAMS 0x0000000705e00000, 0x0000000705e00000| Untracked 
|  42|0x0000000706000000, 0x0000000706000000, 0x0000000706200000|  0%| F|  |TAMS 0x0000000706000000, 0x0000000706000000| Untracked 
|  43|0x0000000706200000, 0x0000000706200000, 0x0000000706400000|  0%| F|  |TAMS 0x0000000706200000, 0x0000000706200000| Untracked 
|  44|0x0000000706400000, 0x0000000706400000, 0x0000000706600000|  0%| F|  |TAMS 0x0000000706400000, 0x0000000706400000| Untracked 
|  45|0x0000000706600000, 0x0000000706600000, 0x0000000706800000|  0%| F|  |TAMS 0x0000000706600000, 0x0000000706600000| Untracked 
|  46|0x0000000706800000, 0x0000000706800000, 0x0000000706a00000|  0%| F|  |TAMS 0x0000000706800000, 0x0000000706800000| Untracked 
|  47|0x0000000706a00000, 0x0000000706a00000, 0x0000000706c00000|  0%| F|  |TAMS 0x0000000706a00000, 0x0000000706a00000| Untracked 
|  48|0x0000000706c00000, 0x0000000706c00000, 0x0000000706e00000|  0%| F|  |TAMS 0x0000000706c00000, 0x0000000706c00000| Untracked 
|  49|0x0000000706e00000, 0x0000000706e00000, 0x0000000707000000|  0%| F|  |TAMS 0x0000000706e00000, 0x0000000706e00000| Untracked 
|  50|0x0000000707000000, 0x0000000707000000, 0x0000000707200000|  0%| F|  |TAMS 0x0000000707000000, 0x0000000707000000| Untracked 
|  51|0x0000000707200000, 0x0000000707200000, 0x0000000707400000|  0%| F|  |TAMS 0x0000000707200000, 0x0000000707200000| Untracked 
|  52|0x0000000707400000, 0x0000000707400000, 0x0000000707600000|  0%| F|  |TAMS 0x0000000707400000, 0x0000000707400000| Untracked 
|  53|0x0000000707600000, 0x0000000707600000, 0x0000000707800000|  0%| F|  |TAMS 0x0000000707600000, 0x0000000707600000| Untracked 
|  54|0x0000000707800000, 0x0000000707800000, 0x0000000707a00000|  0%| F|  |TAMS 0x0000000707800000, 0x0000000707800000| Untracked 
|  55|0x0000000707a00000, 0x0000000707a00000, 0x0000000707c00000|  0%| F|  |TAMS 0x0000000707a00000, 0x0000000707a00000| Untracked 
|  56|0x0000000707c00000, 0x0000000707c00000, 0x0000000707e00000|  0%| F|  |TAMS 0x0000000707c00000, 0x0000000707c00000| Untracked 
|  57|0x0000000707e00000, 0x0000000707e00000, 0x0000000708000000|  0%| F|  |TAMS 0x0000000707e00000, 0x0000000707e00000| Untracked 
|  58|0x0000000708000000, 0x0000000708000000, 0x0000000708200000|  0%| F|  |TAMS 0x0000000708000000, 0x0000000708000000| Untracked 
|  59|0x0000000708200000, 0x0000000708200000, 0x0000000708400000|  0%| F|  |TAMS 0x0000000708200000, 0x0000000708200000| Untracked 
|  60|0x0000000708400000, 0x0000000708400000, 0x0000000708600000|  0%| F|  |TAMS 0x0000000708400000, 0x0000000708400000| Untracked 
|  61|0x0000000708600000, 0x0000000708600000, 0x0000000708800000|  0%| F|  |TAMS 0x0000000708600000, 0x0000000708600000| Untracked 
|  62|0x0000000708800000, 0x0000000708800000, 0x0000000708a00000|  0%| F|  |TAMS 0x0000000708800000, 0x0000000708800000| Untracked 
|  63|0x0000000708a00000, 0x0000000708a00000, 0x0000000708c00000|  0%| F|  |TAMS 0x0000000708a00000, 0x0000000708a00000| Untracked 
|  64|0x0000000708c00000, 0x0000000708c00000, 0x0000000708e00000|  0%| F|  |TAMS 0x0000000708c00000, 0x0000000708c00000| Untracked 
|  65|0x0000000708e00000, 0x0000000708e00000, 0x0000000709000000|  0%| F|  |TAMS 0x0000000708e00000, 0x0000000708e00000| Untracked 
|  66|0x0000000709000000, 0x0000000709000000, 0x0000000709200000|  0%| F|  |TAMS 0x0000000709000000, 0x0000000709000000| Untracked 
|  67|0x0000000709200000, 0x0000000709200000, 0x0000000709400000|  0%| F|  |TAMS 0x0000000709200000, 0x0000000709200000| Untracked 
|  68|0x0000000709400000, 0x0000000709400000, 0x0000000709600000|  0%| F|  |TAMS 0x0000000709400000, 0x0000000709400000| Untracked 
|  69|0x0000000709600000, 0x0000000709600000, 0x0000000709800000|  0%| F|  |TAMS 0x0000000709600000, 0x0000000709600000| Untracked 
|  70|0x0000000709800000, 0x0000000709800000, 0x0000000709a00000|  0%| F|  |TAMS 0x0000000709800000, 0x0000000709800000| Untracked 
|  71|0x0000000709a00000, 0x0000000709a00000, 0x0000000709c00000|  0%| F|  |TAMS 0x0000000709a00000, 0x0000000709a00000| Untracked 
|  72|0x0000000709c00000, 0x0000000709c00000, 0x0000000709e00000|  0%| F|  |TAMS 0x0000000709c00000, 0x0000000709c00000| Untracked 
|  73|0x0000000709e00000, 0x0000000709e00000, 0x000000070a000000|  0%| F|  |TAMS 0x0000000709e00000, 0x0000000709e00000| Untracked 
|  74|0x000000070a000000, 0x000000070a000000, 0x000000070a200000|  0%| F|  |TAMS 0x000000070a000000, 0x000000070a000000| Untracked 
|  75|0x000000070a200000, 0x000000070a200000, 0x000000070a400000|  0%| F|  |TAMS 0x000000070a200000, 0x000000070a200000| Untracked 
|  76|0x000000070a400000, 0x000000070a400000, 0x000000070a600000|  0%| F|  |TAMS 0x000000070a400000, 0x000000070a400000| Untracked 
|  77|0x000000070a600000, 0x000000070a600000, 0x000000070a800000|  0%| F|  |TAMS 0x000000070a600000, 0x000000070a600000| Untracked 
|  78|0x000000070a800000, 0x000000070a800000, 0x000000070aa00000|  0%| F|  |TAMS 0x000000070a800000, 0x000000070a800000| Untracked 
|  79|0x000000070aa00000, 0x000000070aa00000, 0x000000070ac00000|  0%| F|  |TAMS 0x000000070aa00000, 0x000000070aa00000| Untracked 
|  80|0x000000070ac00000, 0x000000070ac00000, 0x000000070ae00000|  0%| F|  |TAMS 0x000000070ac00000, 0x000000070ac00000| Untracked 
|  81|0x000000070ae00000, 0x000000070ae00000, 0x000000070b000000|  0%| F|  |TAMS 0x000000070ae00000, 0x000000070ae00000| Untracked 
|  82|0x000000070b000000, 0x000000070b000000, 0x000000070b200000|  0%| F|  |TAMS 0x000000070b000000, 0x000000070b000000| Untracked 
|  83|0x000000070b200000, 0x000000070b200000, 0x000000070b400000|  0%| F|  |TAMS 0x000000070b200000, 0x000000070b200000| Untracked 
|  84|0x000000070b400000, 0x000000070b400000, 0x000000070b600000|  0%| F|  |TAMS 0x000000070b400000, 0x000000070b400000| Untracked 
|  85|0x000000070b600000, 0x000000070b600000, 0x000000070b800000|  0%| F|  |TAMS 0x000000070b600000, 0x000000070b600000| Untracked 
|  86|0x000000070b800000, 0x000000070b800000, 0x000000070ba00000|  0%| F|  |TAMS 0x000000070b800000, 0x000000070b800000| Untracked 
|  87|0x000000070ba00000, 0x000000070ba00000, 0x000000070bc00000|  0%| F|  |TAMS 0x000000070ba00000, 0x000000070ba00000| Untracked 
|  88|0x000000070bc00000, 0x000000070bc00000, 0x000000070be00000|  0%| F|  |TAMS 0x000000070bc00000, 0x000000070bc00000| Untracked 
|  89|0x000000070be00000, 0x000000070be00000, 0x000000070c000000|  0%| F|  |TAMS 0x000000070be00000, 0x000000070be00000| Untracked 
|  90|0x000000070c000000, 0x000000070c000000, 0x000000070c200000|  0%| F|  |TAMS 0x000000070c000000, 0x000000070c000000| Untracked 
|  91|0x000000070c200000, 0x000000070c200000, 0x000000070c400000|  0%| F|  |TAMS 0x000000070c200000, 0x000000070c200000| Untracked 
|  92|0x000000070c400000, 0x000000070c400000, 0x000000070c600000|  0%| F|  |TAMS 0x000000070c400000, 0x000000070c400000| Untracked 
|  93|0x000000070c600000, 0x000000070c600000, 0x000000070c800000|  0%| F|  |TAMS 0x000000070c600000, 0x000000070c600000| Untracked 
|  94|0x000000070c800000, 0x000000070c800000, 0x000000070ca00000|  0%| F|  |TAMS 0x000000070c800000, 0x000000070c800000| Untracked 
|  95|0x000000070ca00000, 0x000000070ca00000, 0x000000070cc00000|  0%| F|  |TAMS 0x000000070ca00000, 0x000000070ca00000| Untracked 
|  96|0x000000070cc00000, 0x000000070cc00000, 0x000000070ce00000|  0%| F|  |TAMS 0x000000070cc00000, 0x000000070cc00000| Untracked 
|  97|0x000000070ce00000, 0x000000070ce00000, 0x000000070d000000|  0%| F|  |TAMS 0x000000070ce00000, 0x000000070ce00000| Untracked 
|  98|0x000000070d000000, 0x000000070d000000, 0x000000070d200000|  0%| F|  |TAMS 0x000000070d000000, 0x000000070d000000| Untracked 
|  99|0x000000070d200000, 0x000000070d200000, 0x000000070d400000|  0%| F|  |TAMS 0x000000070d200000, 0x000000070d200000| Untracked 
| 100|0x000000070d400000, 0x000000070d400000, 0x000000070d600000|  0%| F|  |TAMS 0x000000070d400000, 0x000000070d400000| Untracked 
| 101|0x000000070d600000, 0x000000070d600000, 0x000000070d800000|  0%| F|  |TAMS 0x000000070d600000, 0x000000070d600000| Untracked 
| 102|0x000000070d800000, 0x000000070d800000, 0x000000070da00000|  0%| F|  |TAMS 0x000000070d800000, 0x000000070d800000| Untracked 
| 103|0x000000070da00000, 0x000000070da00000, 0x000000070dc00000|  0%| F|  |TAMS 0x000000070da00000, 0x000000070da00000| Untracked 
| 104|0x000000070dc00000, 0x000000070dc00000, 0x000000070de00000|  0%| F|  |TAMS 0x000000070dc00000, 0x000000070dc00000| Untracked 
| 105|0x000000070de00000, 0x000000070de00000, 0x000000070e000000|  0%| F|  |TAMS 0x000000070de00000, 0x000000070de00000| Untracked 
| 106|0x000000070e000000, 0x000000070e000000, 0x000000070e200000|  0%| F|  |TAMS 0x000000070e000000, 0x000000070e000000| Untracked 
| 107|0x000000070e200000, 0x000000070e200000, 0x000000070e400000|  0%| F|  |TAMS 0x000000070e200000, 0x000000070e200000| Untracked 
| 108|0x000000070e400000, 0x000000070e400000, 0x000000070e600000|  0%| F|  |TAMS 0x000000070e400000, 0x000000070e400000| Untracked 
| 109|0x000000070e600000, 0x000000070e600000, 0x000000070e800000|  0%| F|  |TAMS 0x000000070e600000, 0x000000070e600000| Untracked 
| 110|0x000000070e800000, 0x000000070e800000, 0x000000070ea00000|  0%| F|  |TAMS 0x000000070e800000, 0x000000070e800000| Untracked 
| 111|0x000000070ea00000, 0x000000070ea00000, 0x000000070ec00000|  0%| F|  |TAMS 0x000000070ea00000, 0x000000070ea00000| Untracked 
| 112|0x000000070ec00000, 0x000000070ec00000, 0x000000070ee00000|  0%| F|  |TAMS 0x000000070ec00000, 0x000000070ec00000| Untracked 
| 113|0x000000070ee00000, 0x000000070ee00000, 0x000000070f000000|  0%| F|  |TAMS 0x000000070ee00000, 0x000000070ee00000| Untracked 
| 114|0x000000070f000000, 0x000000070f000000, 0x000000070f200000|  0%| F|  |TAMS 0x000000070f000000, 0x000000070f000000| Untracked 
| 115|0x000000070f200000, 0x000000070f200000, 0x000000070f400000|  0%| F|  |TAMS 0x000000070f200000, 0x000000070f200000| Untracked 
| 116|0x000000070f400000, 0x000000070f400000, 0x000000070f600000|  0%| F|  |TAMS 0x000000070f400000, 0x000000070f400000| Untracked 
| 117|0x000000070f600000, 0x000000070f600000, 0x000000070f800000|  0%| F|  |TAMS 0x000000070f600000, 0x000000070f600000| Untracked 
| 118|0x000000070f800000, 0x000000070f800000, 0x000000070fa00000|  0%| F|  |TAMS 0x000000070f800000, 0x000000070f800000| Untracked 
| 119|0x000000070fa00000, 0x000000070fa00000, 0x000000070fc00000|  0%| F|  |TAMS 0x000000070fa00000, 0x000000070fa00000| Untracked 
| 120|0x000000070fc00000, 0x000000070fc00000, 0x000000070fe00000|  0%| F|  |TAMS 0x000000070fc00000, 0x000000070fc00000| Untracked 
| 121|0x000000070fe00000, 0x0000000710000000, 0x0000000710000000|100%| S|CS|TAMS 0x000000070fe00000, 0x000000070fe00000| Complete 
| 122|0x0000000710000000, 0x0000000710000000, 0x0000000710200000|  0%| F|  |TAMS 0x0000000710000000, 0x0000000710000000| Untracked 
| 123|0x0000000710200000, 0x0000000710200000, 0x0000000710400000|  0%| F|  |TAMS 0x0000000710200000, 0x0000000710200000| Untracked 
| 124|0x0000000710400000, 0x0000000710400000, 0x0000000710600000|  0%| F|  |TAMS 0x0000000710400000, 0x0000000710400000| Untracked 
| 125|0x0000000710600000, 0x0000000710648e88, 0x0000000710800000| 14%| E|  |TAMS 0x0000000710600000, 0x0000000710600000| Complete 
| 126|0x0000000710800000, 0x0000000710a00000, 0x0000000710a00000|100%| E|CS|TAMS 0x0000000710800000, 0x0000000710800000| Complete 
| 127|0x0000000710a00000, 0x0000000710c00000, 0x0000000710c00000|100%| E|CS|TAMS 0x0000000710a00000, 0x0000000710a00000| Complete 

Card table byte_map: [0x000001ed41950000,0x000001ed42150000] _byte_map_base: 0x000001ed3e14a000

Marking Bits (Prev, Next): (CMBitMap*) 0x000001ed2a2503d0, (CMBitMap*) 0x000001ed2a250410
 Prev Bits: [0x000001ed42950000, 0x000001ed46920000)
 Next Bits: [0x000001ed46920000, 0x000001ed4a8f0000)

Polling page: 0x000001ed27f70000

Metaspace:

Usage:
  Non-class:      8.35 MB used.
      Class:      1.10 MB used.
       Both:      9.45 MB used.

Virtual space:
  Non-class space:       64.00 MB reserved,       8.50 MB ( 13%) committed,  1 nodes.
      Class space:        1.00 GB reserved,       1.19 MB ( <1%) committed,  1 nodes.
             Both:        1.06 GB reserved,       9.69 MB ( <1%) committed. 

Chunk freelists:
   Non-Class:  2.98 MB
       Class:  2.75 MB
        Both:  5.73 MB

MaxMetaspaceSize: unlimited
CompressedClassSpaceSize: 1.00 GB
Initial GC threshold: 21.00 MB
Current GC threshold: 21.00 MB
CDS: on
MetaspaceReclaimPolicy: balanced
 - commit_granule_bytes: 65536.
 - commit_granule_words: 8192.
 - virtual_space_node_default_size: 8388608.
 - enlarge_chunks_in_place: 1.
 - new_chunks_are_fully_committed: 0.
 - uncommit_free_chunks: 1.
 - use_allocation_guard: 0.


Internal statistics:

num_allocs_failed_limit: 0.
num_arena_births: 168.
num_arena_deaths: 0.
num_vsnodes_births: 2.
num_vsnodes_deaths: 0.
num_space_committed: 155.
num_space_uncommitted: 0.
num_chunks_returned_to_freelist: 0.
num_chunks_taken_from_freelist: 204.
num_chunk_merges: 0.
num_chunk_splits: 134.
num_chunks_enlarged: 86.
num_inconsistent_stats: 0.

CodeHeap 'non-profiled nmethods': size=120000Kb used=331Kb max_used=331Kb free=119668Kb
 bounds [0x000001ed39c20000, 0x000001ed39e90000, 0x000001ed41150000]
CodeHeap 'profiled nmethods': size=120000Kb used=2064Kb max_used=2064Kb free=117935Kb
 bounds [0x000001ed32150000, 0x000001ed323c0000, 0x000001ed39680000]
CodeHeap 'non-nmethods': size=5760Kb used=1381Kb max_used=1397Kb free=4378Kb
 bounds [0x000001ed39680000, 0x000001ed398f0000, 0x000001ed39c20000]
 total_blobs=1806 nmethods=1172 adapters=545
 compilation: enabled
              stopped_count=0, restarted_count=0
 full_count=0

Compilation events (20 events):
Event: 1.553 Thread 0x000001ed4cdd13b0 nmethod 1147 0x000001ed3234a710 code [0x000001ed3234a8a0, 0x000001ed3234a9d8]
Event: 1.554 Thread 0x000001ed4cdd13b0 1148       1       javax.swing.JLabel::getText (5 bytes)
Event: 1.554 Thread 0x000001ed4cdd13b0 nmethod 1148 0x000001ed39c71910 code [0x000001ed39c71aa0, 0x000001ed39c71b78]
Event: 1.554 Thread 0x000001ed4cdd13b0 1150       3       javax.swing.GroupLayout$Spring::constrain (7 bytes)
Event: 1.554 Thread 0x000001ed4cdd13b0 nmethod 1150 0x000001ed3234aa90 code [0x000001ed3234ac40, 0x000001ed3234adf8]
Event: 1.554 Thread 0x000001ed4cdd13b0 1149       1       javax.swing.GroupLayout$ComponentSpring::getComponent (5 bytes)
Event: 1.554 Thread 0x000001ed4cdd13b0 nmethod 1149 0x000001ed39c71c10 code [0x000001ed39c71da0, 0x000001ed39c71e78]
Event: 1.554 Thread 0x000001ed4cdd13b0 1151       1       javax.swing.GroupLayout$ComponentInfo::isVisible (5 bytes)
Event: 1.554 Thread 0x000001ed4cdd13b0 nmethod 1151 0x000001ed39c71f10 code [0x000001ed39c720a0, 0x000001ed39c72178]
Event: 1.554 Thread 0x000001ed4cdd13b0 1153       3       javax.swing.GroupLayout$Group::getSpring (14 bytes)
Event: 1.554 Thread 0x000001ed4cdd13b0 nmethod 1153 0x000001ed3234ae90 code [0x000001ed3234b040, 0x000001ed3234b308]
Event: 1.554 Thread 0x000001ed4cdd13b0 1152       3       javax.swing.GroupLayout::getComponentInfo (62 bytes)
Event: 1.555 Thread 0x000001ed4cdd13b0 nmethod 1152 0x000001ed3234b410 code [0x000001ed3234b620, 0x000001ed3234bf78]
Event: 1.555 Thread 0x000001ed4cdd13b0 1154       3       java.awt.Toolkit::enabledOnToolkit (16 bytes)
Event: 1.555 Thread 0x000001ed4cdd13b0 nmethod 1154 0x000001ed3234c210 code [0x000001ed3234c3a0, 0x000001ed3234c4f8]
Event: 1.560 Thread 0x000001ed4cdd13b0 1155       3       java.awt.geom.Point2D::<init> (5 bytes)
Event: 1.560 Thread 0x000001ed4cdd13b0 nmethod 1155 0x000001ed3234c590 code [0x000001ed3234c740, 0x000001ed3234c898]
Event: 1.567 Thread 0x000001ed4cdd13b0 1156   !   3       sun.nio.ch.IOUtil::read (133 bytes)
Event: 1.568 Thread 0x000001ed4cdd13b0 nmethod 1156 0x000001ed3234c990 code [0x000001ed3234cc00, 0x000001ed3234d548]
Event: 1.568 Thread 0x000001ed4cdd13b0 1157   !   3       sun.nio.ch.IOUtil::readIntoNativeBuffer (173 bytes)

GC Heap History (2 events):
Event: 0.669 GC heap before
{Heap before GC invocations=0 (full 0):
 garbage-first heap   total 262144K, used 14336K [0x0000000700c00000, 0x0000000800000000)
  region size 2048K, 6 young (12288K), 0 survivors (0K)
 Metaspace       used 6468K, committed 6656K, reserved 1114112K
  class space    used 706K, committed 832K, reserved 1048576K
}
Event: 0.674 GC heap after
{Heap after GC invocations=1 (full 0):
 garbage-first heap   total 262144K, used 8380K [0x0000000700c00000, 0x0000000800000000)
  region size 2048K, 1 young (2048K), 1 survivors (2048K)
 Metaspace       used 6468K, committed 6656K, reserved 1114112K
  class space    used 706K, committed 832K, reserved 1048576K
}

Dll operation events (9 events):
Event: 0.008 Loaded shared library C:\Program Files\Java\jdk-19\bin\java.dll
Event: 0.018 Loaded shared library C:\Program Files\Java\jdk-19\bin\jsvml.dll
Event: 0.063 Loaded shared library C:\Program Files\Java\jdk-19\bin\net.dll
Event: 0.065 Loaded shared library C:\Program Files\Java\jdk-19\bin\nio.dll
Event: 0.068 Loaded shared library C:\Program Files\Java\jdk-19\bin\zip.dll
Event: 0.095 Loaded shared library C:\Program Files\Java\jdk-19\bin\jimage.dll
Event: 0.115 Loaded shared library C:\Program Files\Java\jdk-19\bin\awt.dll
Event: 0.439 Loaded shared library C:\Program Files\Java\jdk-19\bin\freetype.dll
Event: 0.440 Loaded shared library C:\Program Files\Java\jdk-19\bin\fontmanager.dll

Deoptimization events (20 events):
Event: 0.630 Thread 0x000001ed518e92b0 DEOPT PACKING pc=0x000001ed3229925e sp=0x0000008c758fecc0
Event: 0.630 Thread 0x000001ed518e92b0 DEOPT UNPACKING pc=0x000001ed396e7543 sp=0x0000008c758fe130 mode 0
Event: 0.630 Thread 0x000001ed518e92b0 DEOPT PACKING pc=0x000001ed3229925e sp=0x0000008c758fecc0
Event: 0.630 Thread 0x000001ed518e92b0 DEOPT UNPACKING pc=0x000001ed396e7543 sp=0x0000008c758fe130 mode 0
Event: 0.630 Thread 0x000001ed518e92b0 DEOPT PACKING pc=0x000001ed3229925e sp=0x0000008c758fecc0
Event: 0.630 Thread 0x000001ed518e92b0 DEOPT UNPACKING pc=0x000001ed396e7543 sp=0x0000008c758fe130 mode 0
Event: 0.631 Thread 0x000001ed518e92b0 DEOPT PACKING pc=0x000001ed3229925e sp=0x0000008c758fecc0
Event: 0.631 Thread 0x000001ed518e92b0 DEOPT UNPACKING pc=0x000001ed396e7543 sp=0x0000008c758fe130 mode 0
Event: 0.631 Thread 0x000001ed518e92b0 DEOPT PACKING pc=0x000001ed3229925e sp=0x0000008c758fecc0
Event: 0.631 Thread 0x000001ed518e92b0 DEOPT UNPACKING pc=0x000001ed396e7543 sp=0x0000008c758fe130 mode 0
Event: 0.631 Thread 0x000001ed518e92b0 DEOPT PACKING pc=0x000001ed3229925e sp=0x0000008c758fecc0
Event: 0.631 Thread 0x000001ed518e92b0 DEOPT UNPACKING pc=0x000001ed396e7543 sp=0x0000008c758fe130 mode 0
Event: 0.632 Thread 0x000001ed518e92b0 DEOPT PACKING pc=0x000001ed3229925e sp=0x0000008c758fecc0
Event: 0.632 Thread 0x000001ed518e92b0 DEOPT UNPACKING pc=0x000001ed396e7543 sp=0x0000008c758fe130 mode 0
Event: 0.674 Thread 0x000001ed4cdb3300 Uncommon trap: trap_request=0xffffff45 fr.pc=0x000001ed39c531e4 relative=0x0000000000000144
Event: 0.674 Thread 0x000001ed4cdb3300 Uncommon trap: reason=unstable_if action=reinterpret pc=0x000001ed39c531e4 method=java.util.concurrent.locks.ReentrantLock$NonfairSync.initialTryLock()Z @ 10 c2
Event: 0.674 Thread 0x000001ed4cdb3300 DEOPT PACKING pc=0x000001ed39c531e4 sp=0x0000008c748ff520
Event: 0.674 Thread 0x000001ed4cdb3300 DEOPT UNPACKING pc=0x000001ed396e6da3 sp=0x0000008c748ff4c8 mode 2
Event: 1.459 Thread 0x000001ed518e92b0 DEOPT PACKING pc=0x000001ed322c9d2b sp=0x0000008c758fec80
Event: 1.459 Thread 0x000001ed518e92b0 DEOPT UNPACKING pc=0x000001ed396e7543 sp=0x0000008c758fe120 mode 0

Classes loaded (20 events):
Event: 1.523 Loading class javax/swing/GroupLayout$ContainerAutoPreferredGapSpring
Event: 1.523 Loading class javax/swing/GroupLayout$ContainerAutoPreferredGapSpring done
Event: 1.523 Loading class javax/swing/LayoutStyle$ComponentPlacement
Event: 1.523 Loading class javax/swing/LayoutStyle$ComponentPlacement done
Event: 1.524 Loading class javax/swing/GroupLayout$AutoPreferredGapMatch
Event: 1.524 Loading class javax/swing/GroupLayout$AutoPreferredGapMatch done
Event: 1.526 Loading class javax/swing/GroupLayout$SpringDelta
Event: 1.526 Loading class javax/swing/GroupLayout$SpringDelta done
Event: 1.527 Loading class javax/swing/LayoutStyle
Event: 1.527 Loading class javax/swing/LayoutStyle done
Event: 1.527 Loading class com/sun/java/swing/plaf/windows/WindowsLookAndFeel$WindowsLayoutStyle
Event: 1.527 Loading class sun/swing/DefaultLayoutStyle
Event: 1.527 Loading class sun/swing/DefaultLayoutStyle done
Event: 1.527 Loading class com/sun/java/swing/plaf/windows/WindowsLookAndFeel$WindowsLayoutStyle done
Event: 1.527 Loading class sun/font/CompositeGlyphMapper
Event: 1.527 Loading class sun/font/CompositeGlyphMapper done
Event: 1.534 Loading class com/sun/java/swing/plaf/windows/WindowsLookAndFeel$3
Event: 1.534 Loading class com/sun/java/swing/plaf/windows/WindowsLookAndFeel$3 done
Event: 1.553 Loading class javax/swing/CellRendererPane
Event: 1.553 Loading class javax/swing/CellRendererPane done

Classes unloaded (0 events):
No events

Classes redefined (0 events):
No events

Internal exceptions (14 events):
Event: 0.103 Thread 0x000001ed2a1de2d0 Exception <a 'java/lang/ClassNotFoundException'{0x0000000710bd6d80}: sun/awt/resources/spi/awtProvider> (0x0000000710bd6d80) 
thrown [s\open\src\hotspot\share\classfile\systemDictionary.cpp, line 255]
Event: 0.131 Thread 0x000001ed2a1de2d0 Exception <a 'java/io/FileNotFoundException'{0x0000000710830830}> (0x0000000710830830) 
thrown [s\open\src\hotspot\share\prims\jni.cpp, line 517]
Event: 0.138 Thread 0x000001ed2a1de2d0 Exception <a 'java/io/FileNotFoundException'{0x000000071085d000}> (0x000000071085d000) 
thrown [s\open\src\hotspot\share\prims\jni.cpp, line 517]
Event: 0.181 Thread 0x000001ed2a1de2d0 Exception <a 'java/lang/NoSuchMethodError'{0x00000007108b6c20}: 'java.lang.Object java.lang.invoke.DirectMethodHandle$Holder.invokeStaticInit(java.lang.Object)'> (0x00000007108b6c20) 
thrown [s\open\src\hotspot\share\interpreter\linkResolver.cpp, line 774]
Event: 0.218 Thread 0x000001ed2a1de2d0 Exception <a 'java/lang/NoSuchMethodError'{0x00000007108e33b0}: 'void java.lang.invoke.DirectMethodHandle$Holder.invokeSpecial(java.lang.Object, java.lang.Object, java.lang.Object)'> (0x00000007108e33b0) 
thrown [s\open\src\hotspot\share\interpreter\linkResolver.cpp, line 774]
Event: 0.233 Thread 0x000001ed2a1de2d0 Exception <a 'java/lang/NoSuchMethodError'{0x0000000710988df8}: 'java.lang.Object java.lang.invoke.DirectMethodHandle$Holder.newInvokeSpecial(java.lang.Object, java.lang.Object, java.lang.Object, java.lang.Object, java.lang.Object)'> (0x0000000710988df8) 
thrown [s\open\src\hotspot\share\interpreter\linkResolver.cpp, line 774]
Event: 0.247 Thread 0x000001ed2a1de2d0 Exception <a 'java/lang/NoSuchMethodError'{0x00000007109ba748}: 'java.lang.Object java.lang.invoke.DirectMethodHandle$Holder.invokeStatic(java.lang.Object, int, java.lang.Object)'> (0x00000007109ba748) 
thrown [s\open\src\hotspot\share\interpreter\linkResolver.cpp, line 774]
Event: 0.291 Thread 0x000001ed2a1de2d0 Exception <a 'java/lang/ClassNotFoundException'{0x000000071067b9a8}: com/sun/swing/internal/plaf/metal/resources/spi/metalProvider> (0x000000071067b9a8) 
thrown [s\open\src\hotspot\share\classfile\systemDictionary.cpp, line 255]
Event: 0.293 Thread 0x000001ed2a1de2d0 Exception <a 'java/lang/ClassNotFoundException'{0x000000071067f758}: com/sun/swing/internal/plaf/basic/resources/spi/basicProvider> (0x000000071067f758) 
thrown [s\open\src\hotspot\share\classfile\systemDictionary.cpp, line 255]
Event: 0.296 Thread 0x000001ed2a1de2d0 Exception <a 'java/lang/NoSuchMethodError'{0x000000071068c870}: 'void java.lang.invoke.DirectMethodHandle$Holder.invokeStaticInit(java.lang.Object)'> (0x000000071068c870) 
thrown [s\open\src\hotspot\share\interpreter\linkResolver.cpp, line 774]
Event: 0.318 Thread 0x000001ed2a1de2d0 Exception <a 'java/lang/ClassNotFoundException'{0x00000007106f53b8}: com/sun/java/swing/plaf/windows/resources/spi/windowsProvider> (0x00000007106f53b8) 
thrown [s\open\src\hotspot\share\classfile\systemDictionary.cpp, line 255]
Event: 0.475 Thread 0x000001ed5133a550 Exception <a 'java/lang/NoSuchMethodError'{0x00000007107d1928}: 'int java.lang.invoke.Invokers$Holder.invokeExact_MT(java.lang.Object, java.lang.Object)'> (0x00000007107d1928) 
thrown [s\open\src\hotspot\share\interpreter\linkResolver.cpp, line 774]
Event: 0.566 Thread 0x000001ed518e92b0 Exception <a 'java/lang/NoSuchMethodError'{0x00000007105980d8}: 'java.lang.Object java.lang.invoke.DirectMethodHandle$Holder.newInvokeSpecial(java.lang.Object, java.lang.Object, java.lang.Object, int, int, int, int, int)'> (0x00000007105980d8) 
thrown [s\open\src\hotspot\share\interpreter\linkResolver.cpp, line 774]
Event: 0.716 Thread 0x000001ed512e5050 Exception <a 'java/lang/NoSuchMethodError'{0x00000007108da818}: 'void java.lang.invoke.DirectMethodHandle$Holder.invokeVirtual(java.lang.Object, java.lang.Object)'> (0x00000007108da818) 
thrown [s\open\src\hotspot\share\interpreter\linkResolver.cpp, line 774]

VM Operations (18 events):
Event: 0.291 Executing VM operation: HandshakeAllThreads
Event: 0.291 Executing VM operation: HandshakeAllThreads done
Event: 0.480 Executing VM operation: HandshakeAllThreads
Event: 0.480 Executing VM operation: HandshakeAllThreads done
Event: 0.480 Executing VM operation: HandshakeAllThreads
Event: 0.480 Executing VM operation: HandshakeAllThreads done
Event: 0.482 Executing VM operation: HandshakeAllThreads
Event: 0.483 Executing VM operation: HandshakeAllThreads done
Event: 0.551 Executing VM operation: HandshakeAllThreads
Event: 0.551 Executing VM operation: HandshakeAllThreads done
Event: 0.669 Executing VM operation: G1CollectForAllocation
Event: 0.674 Executing VM operation: G1CollectForAllocation done
Event: 0.674 Executing VM operation: HandshakeAllThreads
Event: 0.674 Executing VM operation: HandshakeAllThreads done
Event: 0.806 Executing VM operation: HandshakeAllThreads
Event: 0.806 Executing VM operation: HandshakeAllThreads done
Event: 1.480 Executing VM operation: HandshakeAllThreads
Event: 1.480 Executing VM operation: HandshakeAllThreads done

Events (20 events):
Event: 0.034 Thread 0x000001ed4cdb9760 Thread added: 0x000001ed4cdb9760
Event: 0.034 Thread 0x000001ed4cdbc0a0 Thread added: 0x000001ed4cdbc0a0
Event: 0.034 Thread 0x000001ed4cdbd310 Thread added: 0x000001ed4cdbd310
Event: 0.034 Thread 0x000001ed4cdbe6c0 Thread added: 0x000001ed4cdbe6c0
Event: 0.034 Thread 0x000001ed4cdcb880 Thread added: 0x000001ed4cdcb880
Event: 0.034 Thread 0x000001ed4cdd13b0 Thread added: 0x000001ed4cdd13b0
Event: 0.034 Thread 0x000001ed4cdd2d30 Thread added: 0x000001ed4cdd2d30
Event: 0.054 Thread 0x000001ed510e0cd0 Thread added: 0x000001ed510e0cd0
Event: 0.059 Thread 0x000001ed510e97e0 Thread added: 0x000001ed510e97e0
Event: 0.182 Thread 0x000001ed512fb260 Thread added: 0x000001ed512fb260
Event: 0.183 Thread 0x000001ed512fb7a0 Thread added: 0x000001ed512fb7a0
Event: 0.185 Thread 0x000001ed512e5050 Thread added: 0x000001ed512e5050
Event: 0.328 Thread 0x000001ed5133a550 Thread added: 0x000001ed5133a550
Event: 0.328 Thread 0x000001ed2a1de2d0 Thread exited: 0x000001ed2a1de2d0
Event: 0.328 Thread 0x000001ed2a1de2d0 Thread added: 0x000001ed2a1de2d0
Event: 0.498 Thread 0x000001ed518e92b0 Thread added: 0x000001ed518e92b0
Event: 0.645 Thread 0x000001ed51a0ce00 Thread added: 0x000001ed51a0ce00
Event: 0.945 Thread 0x000001ed51a0ce00 Thread exited: 0x000001ed51a0ce00
Event: 1.459 Thread 0x000001ed609377e0 Thread added: 0x000001ed609377e0
Event: 1.511 Thread 0x000001ed60d1e890 Thread added: 0x000001ed60d1e890


Dynamic libraries:
0x00007ff77b170000 - 0x00007ff77b180000 	C:\Program Files\Java\jdk-19\bin\java.exe
0x00007ffb32510000 - 0x00007ffb32708000 	C:\WINDOWS\SYSTEM32\ntdll.dll
0x00007ffb31610000 - 0x00007ffb316cd000 	C:\WINDOWS\System32\KERNEL32.DLL
0x00007ffb30130000 - 0x00007ffb30426000 	C:\WINDOWS\System32\KERNELBASE.dll
0x00007ffb2fda0000 - 0x00007ffb2fea0000 	C:\WINDOWS\System32\ucrtbase.dll
0x00007ffb212b0000 - 0x00007ffb212cb000 	C:\Program Files\Java\jdk-19\bin\VCRUNTIME140.dll
0x00007ffb21330000 - 0x00007ffb21348000 	C:\Program Files\Java\jdk-19\bin\jli.dll
0x00007ffb312b0000 - 0x00007ffb31360000 	C:\WINDOWS\System32\ADVAPI32.dll
0x00007ffb30c00000 - 0x00007ffb30c9e000 	C:\WINDOWS\System32\msvcrt.dll
0x00007ffb31510000 - 0x00007ffb315b0000 	C:\WINDOWS\System32\sechost.dll
0x00007ffb31180000 - 0x00007ffb312a5000 	C:\WINDOWS\System32\RPCRT4.dll
0x00007ffb300b0000 - 0x00007ffb300d7000 	C:\WINDOWS\System32\bcrypt.dll
0x00007ffb31800000 - 0x00007ffb3199e000 	C:\WINDOWS\System32\USER32.dll
0x00007ffb2fc50000 - 0x00007ffb2fc72000 	C:\WINDOWS\System32\win32u.dll
0x00007ffb305e0000 - 0x00007ffb3060b000 	C:\WINDOWS\System32\GDI32.dll
0x00007ffb2fc80000 - 0x00007ffb2fd97000 	C:\WINDOWS\System32\gdi32full.dll
0x00007ffb1a160000 - 0x00007ffb1a3fa000 	C:\WINDOWS\WinSxS\amd64_microsoft.windows.common-controls_6595b64144ccf1df_6.0.19041.3636_none_60b6a03d71f818d5\COMCTL32.dll
0x00007ffb304a0000 - 0x00007ffb3053d000 	C:\WINDOWS\System32\msvcp_win.dll
0x00007ffb2a1e0000 - 0x00007ffb2a1ea000 	C:\WINDOWS\SYSTEM32\VERSION.dll
0x00007ffb30b10000 - 0x00007ffb30b42000 	C:\WINDOWS\System32\IMM32.DLL
0x00007ffb2c690000 - 0x00007ffb2c69c000 	C:\Program Files\Java\jdk-19\bin\vcruntime140_1.dll
0x00007ffb02ec0000 - 0x00007ffb02f4e000 	C:\Program Files\Java\jdk-19\bin\msvcp140.dll
0x00007ffacaee0000 - 0x00007ffacbba0000 	C:\Program Files\Java\jdk-19\bin\server\jvm.dll
0x00007ffb26be0000 - 0x00007ffb26c07000 	C:\WINDOWS\SYSTEM32\WINMM.dll
0x00007ffb1c550000 - 0x00007ffb1c559000 	C:\WINDOWS\SYSTEM32\WSOCK32.dll
0x00007ffb323d0000 - 0x00007ffb3243b000 	C:\WINDOWS\System32\WS2_32.dll
0x00007ffb2da90000 - 0x00007ffb2daa2000 	C:\WINDOWS\SYSTEM32\kernel.appcore.dll
0x00007ffb2b7d0000 - 0x00007ffb2b7da000 	C:\Program Files\Java\jdk-19\bin\jimage.dll
0x00007ffb29900000 - 0x00007ffb29ae4000 	C:\WINDOWS\SYSTEM32\DBGHELP.DLL
0x00007ffb13cf0000 - 0x00007ffb13d24000 	C:\WINDOWS\SYSTEM32\dbgcore.DLL
0x00007ffb2fbc0000 - 0x00007ffb2fc42000 	C:\WINDOWS\System32\bcryptPrimitives.dll
0x00007ffb18370000 - 0x00007ffb18396000 	C:\Program Files\Java\jdk-19\bin\java.dll
0x00007ffacae00000 - 0x00007ffacaed7000 	C:\Program Files\Java\jdk-19\bin\jsvml.dll
0x00007ffb319a0000 - 0x00007ffb3210b000 	C:\WINDOWS\System32\SHELL32.dll
0x00007ffb2dc90000 - 0x00007ffb2e42e000 	C:\WINDOWS\SYSTEM32\windows.storage.dll
0x00007ffb307b0000 - 0x00007ffb30b03000 	C:\WINDOWS\System32\combase.dll
0x00007ffb2f520000 - 0x00007ffb2f54e000 	C:\WINDOWS\SYSTEM32\Wldp.dll
0x00007ffb31440000 - 0x00007ffb3150d000 	C:\WINDOWS\System32\OLEAUT32.dll
0x00007ffb30b50000 - 0x00007ffb30bfd000 	C:\WINDOWS\System32\SHCORE.dll
0x00007ffb32370000 - 0x00007ffb323c5000 	C:\WINDOWS\System32\shlwapi.dll
0x00007ffb2faf0000 - 0x00007ffb2fb15000 	C:\WINDOWS\SYSTEM32\profapi.dll
0x00007ffb21290000 - 0x00007ffb212a3000 	C:\Program Files\Java\jdk-19\bin\net.dll
0x00007ffb29460000 - 0x00007ffb2956a000 	C:\WINDOWS\SYSTEM32\WINHTTP.dll
0x00007ffb2f280000 - 0x00007ffb2f2ea000 	C:\WINDOWS\system32\mswsock.dll
0x00007ffb18350000 - 0x00007ffb18366000 	C:\Program Files\Java\jdk-19\bin\nio.dll
0x00007ffb18330000 - 0x00007ffb18348000 	C:\Program Files\Java\jdk-19\bin\zip.dll
0x00007ffab2d30000 - 0x00007ffab2ec1000 	C:\Program Files\Java\jdk-19\bin\awt.dll
0x00007ffb2d420000 - 0x00007ffb2d4b0000 	C:\WINDOWS\SYSTEM32\apphelp.dll
0x00007ffb2d5c0000 - 0x00007ffb2d65e000 	C:\WINDOWS\system32\uxtheme.dll
0x00007ffb30610000 - 0x00007ffb30725000 	C:\WINDOWS\System32\MSCTF.dll
0x00007ffb316d0000 - 0x00007ffb317fb000 	C:\WINDOWS\System32\ole32.dll
0x00007ffb2d7a0000 - 0x00007ffb2d7cf000 	C:\WINDOWS\system32\DWMAPI.DLL
0x00007ffaf4690000 - 0x00007ffaf47b5000 	C:\WINDOWS\system32\opengl32.dll
0x00007ffaf4110000 - 0x00007ffaf413c000 	C:\WINDOWS\SYSTEM32\GLU32.dll
0x00007ffafe320000 - 0x00007ffafe4ed000 	C:\WINDOWS\system32\d3d9.dll
0x00007ffb26d10000 - 0x00007ffb26ecb000 	C:\WINDOWS\System32\DriverStore\FileRepository\u0398226.inf_amd64_c5d9587384e4b5ff\B398182\aticfx64.dll
0x00007ffae5d20000 - 0x00007ffae92e3000 	C:\WINDOWS\System32\DriverStore\FileRepository\u0398226.inf_amd64_c5d9587384e4b5ff\B398182\amdxn64.dll
0x00007ffb30ca0000 - 0x00007ffb3110e000 	C:\WINDOWS\System32\SETUPAPI.dll
0x00007ffb300e0000 - 0x00007ffb3012e000 	C:\WINDOWS\System32\cfgmgr32.dll
0x00007ffb2e470000 - 0x00007ffb2e563000 	C:\WINDOWS\SYSTEM32\dxgi.dll
0x00007ffb1ea90000 - 0x00007ffb1eac5000 	C:\WINDOWS\SYSTEM32\amdihk64.dll
0x00007ffafeed0000 - 0x00007ffafef56000 	C:\Program Files\Java\jdk-19\bin\freetype.dll
0x00007ffacad30000 - 0x00007ffacadf6000 	C:\Program Files\Java\jdk-19\bin\fontmanager.dll
0x00007ffb26c10000 - 0x00007ffb26d09000 	C:\WINDOWS\SYSTEM32\textinputframework.dll
0x00007ffb2ce40000 - 0x00007ffb2d19b000 	C:\WINDOWS\System32\CoreUIComponents.dll
0x00007ffb2d1a0000 - 0x00007ffb2d292000 	C:\WINDOWS\System32\CoreMessaging.dll
0x00007ffb2ecd0000 - 0x00007ffb2ed03000 	C:\WINDOWS\SYSTEM32\ntmarta.dll
0x00007ffb2c770000 - 0x00007ffb2c8c5000 	C:\WINDOWS\SYSTEM32\wintypes.dll
0x00007ffb32110000 - 0x00007ffb321b9000 	C:\WINDOWS\System32\clbcatq.dll
0x00007ffb292a0000 - 0x00007ffb29454000 	C:\WINDOWS\SYSTEM32\WindowsCodecs.dll
0x00007ffb0b820000 - 0x00007ffb0b85e000 	C:\WINDOWS\system32\dataexchange.dll
0x00007ffb2c420000 - 0x00007ffb2c683000 	C:\WINDOWS\system32\d3d11.dll
0x00007ffb2c8d0000 - 0x00007ffb2cab3000 	C:\WINDOWS\system32\dcomp.dll
0x00007ffb296f0000 - 0x00007ffb298f3000 	C:\WINDOWS\system32\twinapi.appcore.dll

dbghelp: loaded successfully - version: 4.0.5 - missing functions: none
symbol engine: initialized successfully - sym options: 0x614 - pdb path: .;C:\Program Files\Java\jdk-19\bin;C:\WINDOWS\SYSTEM32;C:\WINDOWS\WinSxS\amd64_microsoft.windows.common-controls_6595b64144ccf1df_6.0.19041.3636_none_60b6a03d71f818d5;C:\Program Files\Java\jdk-19\bin\server;C:\WINDOWS\System32\DriverStore\FileRepository\u0398226.inf_amd64_c5d9587384e4b5ff\B398182

VM Arguments:
jvm_args: -Dfile.encoding=UTF-8 
java_command: TelaAtendenteNova
java_class_path (initial): C:\Program Files\NetBeans-21\netbeans\java\modules\ext\AbsoluteLayout.jar;C:\Users\Josiel\Desktop\Daniel\Programação\Faetec\Ideal Fashion\Ideal-Fashion\Ideal-Fashion\ProjetoLojadeRoupas\build\classes
Launcher Type: SUN_STANDARD

[Global flags]
     intx CICompilerCount                          = 3                                         {product} {ergonomic}
     uint ConcGCThreads                            = 1                                         {product} {ergonomic}
     uint G1ConcRefinementThreads                  = 4                                         {product} {ergonomic}
   size_t G1HeapRegionSize                         = 2097152                                   {product} {ergonomic}
    uintx GCDrainStackTargetSize                   = 64                                        {product} {ergonomic}
   size_t InitialHeapSize                          = 268435456                                 {product} {ergonomic}
   size_t MarkStackSize                            = 4194304                                   {product} {ergonomic}
   size_t MaxHeapSize                              = 4282384384                                {product} {ergonomic}
   size_t MaxNewSize                               = 2569011200                                {product} {ergonomic}
   size_t MinHeapDeltaBytes                        = 2097152                                   {product} {ergonomic}
   size_t MinHeapSize                              = 8388608                                   {product} {ergonomic}
    uintx NonNMethodCodeHeapSize                   = 5832780                                {pd product} {ergonomic}
    uintx NonProfiledCodeHeapSize                  = 122912730                              {pd product} {ergonomic}
    uintx ProfiledCodeHeapSize                     = 122912730                              {pd product} {ergonomic}
    uintx ReservedCodeCacheSize                    = 251658240                              {pd product} {ergonomic}
     bool SegmentedCodeCache                       = true                                      {product} {ergonomic}
   size_t SoftMaxHeapSize                          = 4282384384                             {manageable} {ergonomic}
     bool UseCompressedClassPointers               = true                           {product lp64_product} {ergonomic}
     bool UseCompressedOops                        = true                           {product lp64_product} {ergonomic}
     bool UseG1GC                                  = true                                      {product} {ergonomic}
     bool UseLargePagesIndividualAllocation        = false                                  {pd product} {ergonomic}

Logging:
Log output configuration:
 #0: stdout all=warning uptime,level,tags foldmultilines=false
 #1: stderr all=off uptime,level,tags foldmultilines=false

Environment Variables:
PATH=C:\ProgramData\Oracle\Java\javapath;C:\Program Files\Common Files\Oracle\Java\javapath;C:\Program Files (x86)\Common Files\Oracle\Java\javapath;C:\WINDOWS\system32;C:\WINDOWS;C:\WINDOWS\System32\Wbem;C:\WINDOWS\System32\WindowsPowerShell\v1.0\;C:\WINDOWS\System32\OpenSSH\;C:\Program Files\dotnet\;C:\ProgramData\chocolatey\bin;C:\Program Files\nodejs\;C:\ProgramData\UNIVALI\Portugol Studio;C:\Users\Josiel\AppData\Local\Microsoft\WindowsApps;C:\Users\Josiel\AppData\Local\Programs\Microsoft VS Code\bin;C:\Users\Josiel\AppData\Roaming\npm;C:\adb;C:\platform-tools;C:\Program Files\Git\cmd;C:\Users\Josiel\AppData\Local\Microsoft\WindowsApps;C:\Users\Josiel\AppData\Local\Programs\Microsoft VS Code\bin;C:\Users\Josiel\AppData\Roaming\npm;C:\Users\Josiel\AppData\Local\GitHubDesktop\bin
USERNAME=Josiel
OS=Windows_NT
PROCESSOR_IDENTIFIER=AMD64 Family 23 Model 17 Stepping 0, AuthenticAMD
TMP=C:\Users\Josiel\AppData\Local\Temp
TEMP=C:\Users\Josiel\AppData\Local\Temp



---------------  S Y S T E M  ---------------

OS:
 Windows 10 , 64 bit Build 19041 (10.0.19041.3636)
OS uptime: 0 days 8:47 hours

CPU: total 4 (initial active 4) (4 cores per cpu, 1 threads per core) family 23 model 17 stepping 0 microcode 0x0, cx8, cmov, fxsr, mmx, 3dnowpref, sse, sse2, sse3, ssse3, sse4a, sse4.1, sse4.2, popcnt, lzcnt, tsc, tscinvbit, avx, avx2, aes, clmul, bmi1, bmi2, adx, sha, fma, vzeroupper, clflush, clflushopt, rdtscp

Memory: 4k page, system-wide physical 16332M (5513M free)
TotalPageFile size 16332M (AvailPageFile size 4M)
current process WorkingSet (physical memory assigned to process): 104M, peak: 104M
current process commit charge ("private bytes"): 373M, peak: 374M

vm_info: Java HotSpot(TM) 64-Bit Server VM (19.0.2+7-44) for windows-amd64 JRE (19.0.2+7-44), built on 2022-11-30T18:02:09Z by "mach5one" with MS VC++ 17.1 (VS2022)

END.
