#
# There is insufficient memory for the Java Runtime Environment to continue.
# Native memory allocation (mmap) failed to map 268435456 bytes for G1 virtual space
# Possible reasons:
#   The system is out of physical RAM or swap space
#   The process is running with CompressedOops enabled, and the Java Heap may be blocking the growth of the native heap
# Possible solutions:
#   Reduce memory load on the system
#   Increase physical memory or swap space
#   Check if swap backing store is full
#   Decrease Java heap size (-Xmx/-Xms)
#   Decrease number of Java threads
#   Decrease Java thread stack sizes (-Xss)
#   Set larger code cache with -XX:ReservedCodeCacheSize=
#   JVM is running with Zero Based Compressed Oops mode in which the Java heap is
#     placed in the first 32GB address space. The Java Heap base address is the
#     maximum limit for the native heap growth. Please use -XX:HeapBaseMinAddress
#     to set the Java Heap base and to place the Java Heap above 32GB virtual address.
# This output file may be truncated or incomplete.
#
#  Out of Memory Error (os_windows.cpp:3536), pid=1532, tid=9860
#
# JRE version:  (19.0.2+7) (build )
# Java VM: Java HotSpot(TM) 64-Bit Server VM (19.0.2+7-44, mixed mode, sharing, tiered, compressed oops, compressed class ptrs, g1 gc, windows-amd64)
# No core dump will be written. Minidumps are not enabled by default on client versions of Windows
#

---------------  S U M M A R Y ------------

Command Line: -Dfile.encoding=UTF-8 TelaAtendenteNova

Host: AMD Ryzen 3 2200G with Radeon Vega Graphics    , 4 cores, 15G,  Windows 10 , 64 bit Build 19041 (10.0.19041.3636)
Time: Sun Apr  7 16:59:41 2024 Hora oficial do Brasil elapsed time: 0.011430 seconds (0d 0h 0m 0s)

---------------  T H R E A D  ---------------

Current thread (0x0000029f11efefd0):  JavaThread "Unknown thread" [_thread_in_vm, id=9860, stack(0x000000f706f00000,0x000000f707000000)]

Stack: [0x000000f706f00000,0x000000f707000000]
Native frames: (J=compiled Java code, j=interpreted, Vv=VM code, C=native code)
V  [jvm.dll+0x6ee21a]
V  [jvm.dll+0x85765e]
V  [jvm.dll+0x85904e]
V  [jvm.dll+0x859703]
V  [jvm.dll+0x28298f]
V  [jvm.dll+0x6eb009]
V  [jvm.dll+0x6dfbaa]
V  [jvm.dll+0x3573f6]
V  [jvm.dll+0x35ee56]
V  [jvm.dll+0x3b541e]
V  [jvm.dll+0x3b564f]
V  [jvm.dll+0x32c9ea]
V  [jvm.dll+0x32d89e]
V  [jvm.dll+0x821780]
V  [jvm.dll+0x3c2661]
V  [jvm.dll+0x801f51]
V  [jvm.dll+0x44ae8f]
V  [jvm.dll+0x44c811]
C  [jli.dll+0x5287]
C  [ucrtbase.dll+0x21bb2]
C  [KERNEL32.DLL+0x17344]
C  [ntdll.dll+0x526b1]


---------------  P R O C E S S  ---------------

Threads class SMR info:
_java_thread_list=0x00007ffacba5d048, length=0, elements={
}

Java Threads: ( => current thread )

Other Threads:
  0x0000029f11f6f7a0 WorkerThread "GC Thread#0" [stack: 0x000000f707000000,0x000000f707100000] [id=3108]
  0x0000029f11f806f0 ConcurrentGCThread "G1 Main Marker" [stack: 0x000000f707100000,0x000000f707200000] [id=11076]
  0x0000029f11f817d0 WorkerThread "G1 Conc#0" [stack: 0x000000f707200000,0x000000f707300000] [id=3436]

[error occurred during error reporting (printing all threads), id 0xc0000005, EXCEPTION_ACCESS_VIOLATION (0xc0000005) at pc=0x00007ffacb21d427]

VM state: not at safepoint (not fully initialized)

VM Mutex/Monitor currently owned by a thread:  ([mutex/lock_event])
[0x0000029f11efb0a0] Heap_lock - owner thread: 0x0000029f11efefd0

Heap address: 0x0000000700c00000, size: 4084 MB, Compressed Oops mode: Zero based, Oop shift amount: 3

CDS archive(s) mapped at: [0x0000000000000000-0x0000000000000000-0x0000000000000000), size 0, SharedBaseAddress: 0x0000000800000000, ArchiveRelocationMode: 0.
Narrow klass base: 0x0000000000000000, Narrow klass shift: 0, Narrow klass range: 0x0

GC Precious Log:
 CardTable entry size: 512
 Card Set container configuration: InlinePtr #cards 4 size 8 Array Of Cards #cards 16 size 48 Howl #buckets 8 coarsen threshold 3686 Howl Bitmap #cards 512 size 80 coarsen threshold 460 Card regions per heap region 1 cards per card region 4096

Heap:
 garbage-first heap   total 0K, used 0K [0x0000000700c00000, 0x0000000800000000)
  region size 2048K, 0 young (0K), 0 survivors (0K)

[error occurred during error reporting (printing heap information), id 0xc0000005, EXCEPTION_ACCESS_VIOLATION (0xc0000005) at pc=0x00007ffacb626649]

GC Heap History (0 events):
No events

Dll operation events (1 events):
Event: 0.007 Loaded shared library C:\Program Files\Java\jdk-19\bin\java.dll

Deoptimization events (0 events):
No events

Classes loaded (0 events):
No events

Classes unloaded (0 events):
No events

Classes redefined (0 events):
No events

Internal exceptions (0 events):
No events

VM Operations (0 events):
No events

Events (0 events):
No events


Dynamic libraries:
0x00007ff77b170000 - 0x00007ff77b180000 	C:\Program Files\Java\jdk-19\bin\java.exe
0x00007ffb32510000 - 0x00007ffb32708000 	C:\WINDOWS\SYSTEM32\ntdll.dll
0x00007ffb31610000 - 0x00007ffb316cd000 	C:\WINDOWS\System32\KERNEL32.DLL
0x00007ffb30130000 - 0x00007ffb30426000 	C:\WINDOWS\System32\KERNELBASE.dll
0x00007ffb2fda0000 - 0x00007ffb2fea0000 	C:\WINDOWS\System32\ucrtbase.dll
0x00007ffb212a0000 - 0x00007ffb212bb000 	C:\Program Files\Java\jdk-19\bin\VCRUNTIME140.dll
0x00007ffb210e0000 - 0x00007ffb210f8000 	C:\Program Files\Java\jdk-19\bin\jli.dll
0x00007ffb312b0000 - 0x00007ffb31360000 	C:\WINDOWS\System32\ADVAPI32.dll
0x00007ffb30c00000 - 0x00007ffb30c9e000 	C:\WINDOWS\System32\msvcrt.dll
0x00007ffb31510000 - 0x00007ffb315b0000 	C:\WINDOWS\System32\sechost.dll
0x00007ffb31180000 - 0x00007ffb312a5000 	C:\WINDOWS\System32\RPCRT4.dll
0x00007ffb300b0000 - 0x00007ffb300d7000 	C:\WINDOWS\System32\bcrypt.dll
0x00007ffb31800000 - 0x00007ffb3199e000 	C:\WINDOWS\System32\USER32.dll
0x00007ffb2fc50000 - 0x00007ffb2fc72000 	C:\WINDOWS\System32\win32u.dll
0x00007ffb1a160000 - 0x00007ffb1a3fa000 	C:\WINDOWS\WinSxS\amd64_microsoft.windows.common-controls_6595b64144ccf1df_6.0.19041.3636_none_60b6a03d71f818d5\COMCTL32.dll
0x00007ffb305e0000 - 0x00007ffb3060b000 	C:\WINDOWS\System32\GDI32.dll
0x00007ffb2fc80000 - 0x00007ffb2fd97000 	C:\WINDOWS\System32\gdi32full.dll
0x00007ffb304a0000 - 0x00007ffb3053d000 	C:\WINDOWS\System32\msvcp_win.dll
0x00007ffb2a1e0000 - 0x00007ffb2a1ea000 	C:\WINDOWS\SYSTEM32\VERSION.dll
0x00007ffb30b10000 - 0x00007ffb30b42000 	C:\WINDOWS\System32\IMM32.DLL
0x00007ffb2c690000 - 0x00007ffb2c69c000 	C:\Program Files\Java\jdk-19\bin\vcruntime140_1.dll
0x00007ffb02ec0000 - 0x00007ffb02f4e000 	C:\Program Files\Java\jdk-19\bin\msvcp140.dll
0x00007ffacaee0000 - 0x00007ffacbba0000 	C:\Program Files\Java\jdk-19\bin\server\jvm.dll
0x00007ffb26be0000 - 0x00007ffb26c07000 	C:\WINDOWS\SYSTEM32\WINMM.dll
0x00007ffb1c550000 - 0x00007ffb1c559000 	C:\WINDOWS\SYSTEM32\WSOCK32.dll
0x00007ffb323d0000 - 0x00007ffb3243b000 	C:\WINDOWS\System32\WS2_32.dll
0x00007ffb2da90000 - 0x00007ffb2daa2000 	C:\WINDOWS\SYSTEM32\kernel.appcore.dll
0x00007ffb2b7d0000 - 0x00007ffb2b7da000 	C:\Program Files\Java\jdk-19\bin\jimage.dll
0x00007ffb29900000 - 0x00007ffb29ae4000 	C:\WINDOWS\SYSTEM32\DBGHELP.DLL
0x00007ffb13cf0000 - 0x00007ffb13d24000 	C:\WINDOWS\SYSTEM32\dbgcore.DLL
0x00007ffb2fbc0000 - 0x00007ffb2fc42000 	C:\WINDOWS\System32\bcryptPrimitives.dll
0x00007ffb18c20000 - 0x00007ffb18c46000 	C:\Program Files\Java\jdk-19\bin\java.dll

dbghelp: loaded successfully - version: 4.0.5 - missing functions: none
symbol engine: initialized successfully - sym options: 0x614 - pdb path: .;C:\Program Files\Java\jdk-19\bin;C:\WINDOWS\SYSTEM32;C:\WINDOWS\WinSxS\amd64_microsoft.windows.common-controls_6595b64144ccf1df_6.0.19041.3636_none_60b6a03d71f818d5;C:\Program Files\Java\jdk-19\bin\server

VM Arguments:
jvm_args: -Dfile.encoding=UTF-8 
java_command: TelaAtendenteNova
java_class_path (initial): C:\Program Files\NetBeans-21\netbeans\java\modules\ext\AbsoluteLayout.jar;C:\Users\Josiel\Desktop\Daniel\Programação\Faetec\Ideal Fashion\Ideal-Fashion\Ideal-Fashion\ProjetoLojadeRoupas\build\classes
Launcher Type: SUN_STANDARD

[Global flags]
     intx CICompilerCount                          = 3                                         {product} {ergonomic}
     uint ConcGCThreads                            = 1                                         {product} {ergonomic}
     uint G1ConcRefinementThreads                  = 4                                         {product} {ergonomic}
   size_t G1HeapRegionSize                         = 2097152                                   {product} {ergonomic}
    uintx GCDrainStackTargetSize                   = 64                                        {product} {ergonomic}
   size_t InitialHeapSize                          = 268435456                                 {product} {ergonomic}
   size_t MarkStackSize                            = 4194304                                   {product} {ergonomic}
   size_t MaxHeapSize                              = 4282384384                                {product} {ergonomic}
   size_t MinHeapDeltaBytes                        = 2097152                                   {product} {ergonomic}
   size_t MinHeapSize                              = 8388608                                   {product} {ergonomic}
    uintx NonNMethodCodeHeapSize                   = 5832780                                {pd product} {ergonomic}
    uintx NonProfiledCodeHeapSize                  = 122912730                              {pd product} {ergonomic}
    uintx ProfiledCodeHeapSize                     = 122912730                              {pd product} {ergonomic}
    uintx ReservedCodeCacheSize                    = 251658240                              {pd product} {ergonomic}
     bool SegmentedCodeCache                       = true                                      {product} {ergonomic}
   size_t SoftMaxHeapSize                          = 4282384384                             {manageable} {ergonomic}
     bool UseCompressedClassPointers               = true                           {product lp64_product} {ergonomic}
     bool UseCompressedOops                        = true                           {product lp64_product} {ergonomic}
     bool UseG1GC                                  = true                                      {product} {ergonomic}
     bool UseLargePagesIndividualAllocation        = false                                  {pd product} {ergonomic}

Logging:
Log output configuration:
 #0: stdout all=warning uptime,level,tags foldmultilines=false
 #1: stderr all=off uptime,level,tags foldmultilines=false

Environment Variables:
PATH=C:\ProgramData\Oracle\Java\javapath;C:\Program Files\Common Files\Oracle\Java\javapath;C:\Program Files (x86)\Common Files\Oracle\Java\javapath;C:\WINDOWS\system32;C:\WINDOWS;C:\WINDOWS\System32\Wbem;C:\WINDOWS\System32\WindowsPowerShell\v1.0\;C:\WINDOWS\System32\OpenSSH\;C:\Program Files\dotnet\;C:\ProgramData\chocolatey\bin;C:\Program Files\nodejs\;C:\ProgramData\UNIVALI\Portugol Studio;C:\Users\Josiel\AppData\Local\Microsoft\WindowsApps;C:\Users\Josiel\AppData\Local\Programs\Microsoft VS Code\bin;C:\Users\Josiel\AppData\Roaming\npm;C:\adb;C:\platform-tools;C:\Program Files\Git\cmd;C:\Users\Josiel\AppData\Local\Microsoft\WindowsApps;C:\Users\Josiel\AppData\Local\Programs\Microsoft VS Code\bin;C:\Users\Josiel\AppData\Roaming\npm;C:\Users\Josiel\AppData\Local\GitHubDesktop\bin
USERNAME=Josiel
OS=Windows_NT
PROCESSOR_IDENTIFIER=AMD64 Family 23 Model 17 Stepping 0, AuthenticAMD
TMP=C:\Users\Josiel\AppData\Local\Temp
TEMP=C:\Users\Josiel\AppData\Local\Temp



---------------  S Y S T E M  ---------------

OS:
 Windows 10 , 64 bit Build 19041 (10.0.19041.3636)
OS uptime: 0 days 5:50 hours

CPU: total 4 (initial active 4) (4 cores per cpu, 1 threads per core) family 23 model 17 stepping 0 microcode 0x0, cx8, cmov, fxsr, mmx, 3dnowpref, sse, sse2, sse3, ssse3, sse4a, sse4.1, sse4.2, popcnt, lzcnt, tsc, tscinvbit, avx, avx2, aes, clmul, bmi1, bmi2, adx, sha, fma, vzeroupper, clflush, clflushopt, rdtscp

Memory: 4k page, system-wide physical 16332M (5734M free)
TotalPageFile size 16332M (AvailPageFile size 252M)
current process WorkingSet (physical memory assigned to process): 10M, peak: 10M
current process commit charge ("private bytes"): 52M, peak: 308M

vm_info: Java HotSpot(TM) 64-Bit Server VM (19.0.2+7-44) for windows-amd64 JRE (19.0.2+7-44), built on 2022-11-30T18:02:09Z by "mach5one" with MS VC++ 17.1 (VS2022)

END.
